/home/mkutan/Documents/ros2_ws/src/amr_mini_description/install/amr_mini_description/lib/python3.8/site-packages/amr_mini_description/__init__.py
/home/mkutan/Documents/ros2_ws/src/amr_mini_description/install/amr_mini_description/lib/python3.8/site-packages/amr_mini_description/goalPose.py
/home/mkutan/Documents/ros2_ws/src/amr_mini_description/install/amr_mini_description/lib/python3.8/site-packages/amr_mini_description/initialpose.py
/home/mkutan/Documents/ros2_ws/src/amr_mini_description/install/amr_mini_description/lib/python3.8/site-packages/amr_mini_description/__pycache__/__init__.cpython-38.pyc
/home/mkutan/Documents/ros2_ws/src/amr_mini_description/install/amr_mini_description/lib/python3.8/site-packages/amr_mini_description/__pycache__/goalPose.cpython-38.pyc
/home/mkutan/Documents/ros2_ws/src/amr_mini_description/install/amr_mini_description/lib/python3.8/site-packages/amr_mini_description/__pycache__/initialpose.cpython-38.pyc
/home/mkutan/Documents/ros2_ws/src/amr_mini_description/install/amr_mini_description/share/ament_index/resource_index/packages/amr_mini_description
/home/mkutan/Documents/ros2_ws/src/amr_mini_description/install/amr_mini_description/share/amr_mini_description/package.xml
/home/mkutan/Documents/ros2_ws/src/amr_mini_description/install/amr_mini_description/share/amr_mini_description/amr_mini_description/__init__.py
/home/mkutan/Documents/ros2_ws/src/amr_mini_description/install/amr_mini_description/share/amr_mini_description/amr_mini_description/goalPose.py
/home/mkutan/Documents/ros2_ws/src/amr_mini_description/install/amr_mini_description/share/amr_mini_description/amr_mini_description/initialpose.py
/home/mkutan/Documents/ros2_ws/src/amr_mini_description/install/amr_mini_description/share/amr_mini_description/launch/gazebo.launch.py
/home/mkutan/Documents/ros2_ws/src/amr_mini_description/install/amr_mini_description/share/amr_mini_description/launch/map_server.launch.py
/home/mkutan/Documents/ros2_ws/src/amr_mini_description/install/amr_mini_description/share/amr_mini_description/launch/robot_localization.launch.py
/home/mkutan/Documents/ros2_ws/src/amr_mini_description/install/amr_mini_description/share/amr_mini_description/launch/laser_relay.launch.py
/home/mkutan/Documents/ros2_ws/src/amr_mini_description/install/amr_mini_description/share/amr_mini_description/launch/amr_mini.launch.py
/home/mkutan/Documents/ros2_ws/src/amr_mini_description/install/amr_mini_description/share/amr_mini_description/launch/amcl.launch.py
/home/mkutan/Documents/ros2_ws/src/amr_mini_description/install/amr_mini_description/share/amr_mini_description/launch/mapping.launch.py
/home/mkutan/Documents/ros2_ws/src/amr_mini_description/install/amr_mini_description/share/amr_mini_description/launch/initialpose.launch.py
/home/mkutan/Documents/ros2_ws/src/amr_mini_description/install/amr_mini_description/share/amr_mini_description/launch/rviz.launch.py
/home/mkutan/Documents/ros2_ws/src/amr_mini_description/install/amr_mini_description/share/amr_mini_description/launch/navigation.launch.py
/home/mkutan/Documents/ros2_ws/src/amr_mini_description/install/amr_mini_description/share/amr_mini_description/launch/goalPose.launch.py
/home/mkutan/Documents/ros2_ws/src/amr_mini_description/install/amr_mini_description/share/amr_mini_description/rviz/amr_mini.rviz
/home/mkutan/Documents/ros2_ws/src/amr_mini_description/install/amr_mini_description/share/amr_mini_description/urdf/amr_mini.xacro
/home/mkutan/Documents/ros2_ws/src/amr_mini_description/install/amr_mini_description/share/amr_mini_description/urdf/amr.urdf
/home/mkutan/Documents/ros2_ws/src/amr_mini_description/install/amr_mini_description/share/amr_mini_description/urdf/urdf_include/base_link.xacro
/home/mkutan/Documents/ros2_ws/src/amr_mini_description/install/amr_mini_description/share/amr_mini_description/urdf/urdf_include/imu.xacro
/home/mkutan/Documents/ros2_ws/src/amr_mini_description/install/amr_mini_description/share/amr_mini_description/urdf/urdf_include/wheel.xacro
/home/mkutan/Documents/ros2_ws/src/amr_mini_description/install/amr_mini_description/share/amr_mini_description/urdf/urdf_include/camera.xacro
/home/mkutan/Documents/ros2_ws/src/amr_mini_description/install/amr_mini_description/share/amr_mini_description/urdf/urdf_include/caster_wheel_link.xacro
/home/mkutan/Documents/ros2_ws/src/amr_mini_description/install/amr_mini_description/share/amr_mini_description/urdf/urdf_include/motor.xacro
/home/mkutan/Documents/ros2_ws/src/amr_mini_description/install/amr_mini_description/share/amr_mini_description/urdf/urdf_include/caster_wheel.xacro
/home/mkutan/Documents/ros2_ws/src/amr_mini_description/install/amr_mini_description/share/amr_mini_description/urdf/urdf_include/common_properties.urdf.xacro
/home/mkutan/Documents/ros2_ws/src/amr_mini_description/install/amr_mini_description/share/amr_mini_description/urdf/urdf_include/lidar.xacro
/home/mkutan/Documents/ros2_ws/src/amr_mini_description/install/amr_mini_description/share/amr_mini_description/urdf/urdf_include/gazebo.xacro
/home/mkutan/Documents/ros2_ws/src/amr_mini_description/install/amr_mini_description/share/amr_mini_description/AmrMini_models/Amr_mini/meshes/Ekran Görüntüsü (71).png
/home/mkutan/Documents/ros2_ws/src/amr_mini_description/install/amr_mini_description/share/amr_mini_description/AmrMini_models/Amr_mini/meshes/imu.stl
/home/mkutan/Documents/ros2_ws/src/amr_mini_description/install/amr_mini_description/share/amr_mini_description/AmrMini_models/Amr_mini/meshes/motor.stl
/home/mkutan/Documents/ros2_ws/src/amr_mini_description/install/amr_mini_description/share/amr_mini_description/AmrMini_models/Amr_mini/meshes/sase.stl
/home/mkutan/Documents/ros2_ws/src/amr_mini_description/install/amr_mini_description/share/amr_mini_description/AmrMini_models/Amr_mini/meshes/wheel.STL
/home/mkutan/Documents/ros2_ws/src/amr_mini_description/install/amr_mini_description/share/amr_mini_description/AmrMini_models/Amr_mini/meshes/caster_wheel_base.stl
/home/mkutan/Documents/ros2_ws/src/amr_mini_description/install/amr_mini_description/share/amr_mini_description/AmrMini_models/Amr_mini/meshes/motorveteker.dae
/home/mkutan/Documents/ros2_ws/src/amr_mini_description/install/amr_mini_description/share/amr_mini_description/AmrMini_models/Amr_mini/meshes/camera.dae
/home/mkutan/Documents/ros2_ws/src/amr_mini_description/install/amr_mini_description/share/amr_mini_description/AmrMini_models/Amr_mini/meshes/lidar.stl
/home/mkutan/Documents/ros2_ws/src/amr_mini_description/install/amr_mini_description/share/amr_mini_description/models/world_folder/model.config
/home/mkutan/Documents/ros2_ws/src/amr_mini_description/install/amr_mini_description/share/amr_mini_description/models/world_folder/model.sdf
/home/mkutan/Documents/ros2_ws/src/amr_mini_description/install/amr_mini_description/share/amr_mini_description/models/world_models
/home/mkutan/Documents/ros2_ws/src/amr_mini_description/install/amr_mini_description/share/amr_mini_description/models/new_walls/model.config
/home/mkutan/Documents/ros2_ws/src/amr_mini_description/install/amr_mini_description/share/amr_mini_description/models/new_walls/model.sdf
/home/mkutan/Documents/ros2_ws/src/amr_mini_description/install/amr_mini_description/share/amr_mini_description/models/amr_mini/model.config
/home/mkutan/Documents/ros2_ws/src/amr_mini_description/install/amr_mini_description/share/amr_mini_description/models/amr_mini/model.sdf
/home/mkutan/Documents/ros2_ws/src/amr_mini_description/install/amr_mini_description/share/amr_mini_description/worlds/my_world.model
/home/mkutan/Documents/ros2_ws/src/amr_mini_description/install/amr_mini_description/share/amr_mini_description/worlds/walls.model
/home/mkutan/Documents/ros2_ws/src/amr_mini_description/install/amr_mini_description/share/amr_mini_description/worlds/empty.world
/home/mkutan/Documents/ros2_ws/src/amr_mini_description/install/amr_mini_description/share/amr_mini_description/worlds/myworld.model
/home/mkutan/Documents/ros2_ws/src/amr_mini_description/install/amr_mini_description/share/amr_mini_description/worlds/world.model
/home/mkutan/Documents/ros2_ws/src/amr_mini_description/install/amr_mini_description/share/amr_mini_description/config/ekf.yaml
/home/mkutan/Documents/ros2_ws/src/amr_mini_description/install/amr_mini_description/share/amr_mini_description/config/mapper_params_online_async.yaml
/home/mkutan/Documents/ros2_ws/src/amr_mini_description/install/amr_mini_description/share/amr_mini_description/config/nav2_params.yaml
/home/mkutan/Documents/ros2_ws/src/amr_mini_description/install/amr_mini_description/share/amr_mini_description/maps/my_map_save.yaml
/home/mkutan/Documents/ros2_ws/src/amr_mini_description/install/amr_mini_description/share/amr_mini_description/maps/my_map_save.pgm
/home/mkutan/Documents/ros2_ws/src/amr_mini_description/install/amr_mini_description/share/amr_mini_description/maps/map_save.pgm
/home/mkutan/Documents/ros2_ws/src/amr_mini_description/install/amr_mini_description/share/amr_mini_description/maps/map_serial.data
/home/mkutan/Documents/ros2_ws/src/amr_mini_description/install/amr_mini_description/share/amr_mini_description/maps/map_save.yaml
/home/mkutan/Documents/ros2_ws/src/amr_mini_description/install/amr_mini_description/share/amr_mini_description/maps/my_map_serial.posegraph
/home/mkutan/Documents/ros2_ws/src/amr_mini_description/install/amr_mini_description/share/amr_mini_description/maps/my_map_serial.data
/home/mkutan/Documents/ros2_ws/src/amr_mini_description/install/amr_mini_description/share/amr_mini_description/maps/map_serial.posegraph
/home/mkutan/Documents/ros2_ws/src/amr_mini_description/install/amr_mini_description/lib/python3.8/site-packages/amr_mini_description-0.0.0-py3.8.egg-info/PKG-INFO
/home/mkutan/Documents/ros2_ws/src/amr_mini_description/install/amr_mini_description/lib/python3.8/site-packages/amr_mini_description-0.0.0-py3.8.egg-info/zip-safe
/home/mkutan/Documents/ros2_ws/src/amr_mini_description/install/amr_mini_description/lib/python3.8/site-packages/amr_mini_description-0.0.0-py3.8.egg-info/requires.txt
/home/mkutan/Documents/ros2_ws/src/amr_mini_description/install/amr_mini_description/lib/python3.8/site-packages/amr_mini_description-0.0.0-py3.8.egg-info/SOURCES.txt
/home/mkutan/Documents/ros2_ws/src/amr_mini_description/install/amr_mini_description/lib/python3.8/site-packages/amr_mini_description-0.0.0-py3.8.egg-info/dependency_links.txt
/home/mkutan/Documents/ros2_ws/src/amr_mini_description/install/amr_mini_description/lib/python3.8/site-packages/amr_mini_description-0.0.0-py3.8.egg-info/top_level.txt
/home/mkutan/Documents/ros2_ws/src/amr_mini_description/install/amr_mini_description/lib/python3.8/site-packages/amr_mini_description-0.0.0-py3.8.egg-info/entry_points.txt
/home/mkutan/Documents/ros2_ws/src/amr_mini_description/install/amr_mini_description/lib/amr_mini_description/goalPose_pub
/home/mkutan/Documents/ros2_ws/src/amr_mini_description/install/amr_mini_description/lib/amr_mini_description/initialpose_pub
/home/mkutan/Documents/ros2_ws/src/amr_mini_description/install/amr_mini_description/lib/amr_mini_description/requirements_txt
