running egg_info
creating build/amr_mini_description/amr_mini_description.egg-info
writing build/amr_mini_description/amr_mini_description.egg-info/PKG-INFO
writing dependency_links to build/amr_mini_description/amr_mini_description.egg-info/dependency_links.txt
writing entry points to build/amr_mini_description/amr_mini_description.egg-info/entry_points.txt
writing requirements to build/amr_mini_description/amr_mini_description.egg-info/requires.txt
writing top-level names to build/amr_mini_description/amr_mini_description.egg-info/top_level.txt
writing manifest file 'build/amr_mini_description/amr_mini_description.egg-info/SOURCES.txt'
reading manifest file 'build/amr_mini_description/amr_mini_description.egg-info/SOURCES.txt'
writing manifest file 'build/amr_mini_description/amr_mini_description.egg-info/SOURCES.txt'
running build
running build_py
creating /home/mkutan/Documents/ros2_ws/src/amr_mini_description/build/amr_mini_description/build
creating /home/mkutan/Documents/ros2_ws/src/amr_mini_description/build/amr_mini_description/build/lib
creating /home/mkutan/Documents/ros2_ws/src/amr_mini_description/build/amr_mini_description/build/lib/amr_mini_description
copying amr_mini_description/__init__.py -> /home/mkutan/Documents/ros2_ws/src/amr_mini_description/build/amr_mini_description/build/lib/amr_mini_description
copying amr_mini_description/goalPose.py -> /home/mkutan/Documents/ros2_ws/src/amr_mini_description/build/amr_mini_description/build/lib/amr_mini_description
copying amr_mini_description/initialpose.py -> /home/mkutan/Documents/ros2_ws/src/amr_mini_description/build/amr_mini_description/build/lib/amr_mini_description
running install
running install_lib
creating /home/mkutan/Documents/ros2_ws/src/amr_mini_description/install/amr_mini_description/lib/python3.8/site-packages/amr_mini_description
copying /home/mkutan/Documents/ros2_ws/src/amr_mini_description/build/amr_mini_description/build/lib/amr_mini_description/__init__.py -> /home/mkutan/Documents/ros2_ws/src/amr_mini_description/install/amr_mini_description/lib/python3.8/site-packages/amr_mini_description
copying /home/mkutan/Documents/ros2_ws/src/amr_mini_description/build/amr_mini_description/build/lib/amr_mini_description/goalPose.py -> /home/mkutan/Documents/ros2_ws/src/amr_mini_description/install/amr_mini_description/lib/python3.8/site-packages/amr_mini_description
copying /home/mkutan/Documents/ros2_ws/src/amr_mini_description/build/amr_mini_description/build/lib/amr_mini_description/initialpose.py -> /home/mkutan/Documents/ros2_ws/src/amr_mini_description/install/amr_mini_description/lib/python3.8/site-packages/amr_mini_description
byte-compiling /home/mkutan/Documents/ros2_ws/src/amr_mini_description/install/amr_mini_description/lib/python3.8/site-packages/amr_mini_description/__init__.py to __init__.cpython-38.pyc
byte-compiling /home/mkutan/Documents/ros2_ws/src/amr_mini_description/install/amr_mini_description/lib/python3.8/site-packages/amr_mini_description/goalPose.py to goalPose.cpython-38.pyc
byte-compiling /home/mkutan/Documents/ros2_ws/src/amr_mini_description/install/amr_mini_description/lib/python3.8/site-packages/amr_mini_description/initialpose.py to initialpose.cpython-38.pyc
running install_data
creating /home/mkutan/Documents/ros2_ws/src/amr_mini_description/install/amr_mini_description/share/ament_index
creating /home/mkutan/Documents/ros2_ws/src/amr_mini_description/install/amr_mini_description/share/ament_index/resource_index
creating /home/mkutan/Documents/ros2_ws/src/amr_mini_description/install/amr_mini_description/share/ament_index/resource_index/packages
copying resource/amr_mini_description -> /home/mkutan/Documents/ros2_ws/src/amr_mini_description/install/amr_mini_description/share/ament_index/resource_index/packages
copying package.xml -> /home/mkutan/Documents/ros2_ws/src/amr_mini_description/install/amr_mini_description/share/amr_mini_description
creating /home/mkutan/Documents/ros2_ws/src/amr_mini_description/install/amr_mini_description/share/amr_mini_description/amr_mini_description
copying amr_mini_description/__init__.py -> /home/mkutan/Documents/ros2_ws/src/amr_mini_description/install/amr_mini_description/share/amr_mini_description/amr_mini_description
copying amr_mini_description/goalPose.py -> /home/mkutan/Documents/ros2_ws/src/amr_mini_description/install/amr_mini_description/share/amr_mini_description/amr_mini_description
copying amr_mini_description/initialpose.py -> /home/mkutan/Documents/ros2_ws/src/amr_mini_description/install/amr_mini_description/share/amr_mini_description/amr_mini_description
creating /home/mkutan/Documents/ros2_ws/src/amr_mini_description/install/amr_mini_description/share/amr_mini_description/launch
copying launch/gazebo.launch.py -> /home/mkutan/Documents/ros2_ws/src/amr_mini_description/install/amr_mini_description/share/amr_mini_description/launch
copying launch/map_server.launch.py -> /home/mkutan/Documents/ros2_ws/src/amr_mini_description/install/amr_mini_description/share/amr_mini_description/launch
copying launch/robot_localization.launch.py -> /home/mkutan/Documents/ros2_ws/src/amr_mini_description/install/amr_mini_description/share/amr_mini_description/launch
copying launch/laser_relay.launch.py -> /home/mkutan/Documents/ros2_ws/src/amr_mini_description/install/amr_mini_description/share/amr_mini_description/launch
copying launch/amr_mini.launch.py -> /home/mkutan/Documents/ros2_ws/src/amr_mini_description/install/amr_mini_description/share/amr_mini_description/launch
copying launch/amcl.launch.py -> /home/mkutan/Documents/ros2_ws/src/amr_mini_description/install/amr_mini_description/share/amr_mini_description/launch
copying launch/mapping.launch.py -> /home/mkutan/Documents/ros2_ws/src/amr_mini_description/install/amr_mini_description/share/amr_mini_description/launch
copying launch/initialpose.launch.py -> /home/mkutan/Documents/ros2_ws/src/amr_mini_description/install/amr_mini_description/share/amr_mini_description/launch
copying launch/rviz.launch.py -> /home/mkutan/Documents/ros2_ws/src/amr_mini_description/install/amr_mini_description/share/amr_mini_description/launch
copying launch/navigation.launch.py -> /home/mkutan/Documents/ros2_ws/src/amr_mini_description/install/amr_mini_description/share/amr_mini_description/launch
copying launch/goalPose.launch.py -> /home/mkutan/Documents/ros2_ws/src/amr_mini_description/install/amr_mini_description/share/amr_mini_description/launch
creating /home/mkutan/Documents/ros2_ws/src/amr_mini_description/install/amr_mini_description/share/amr_mini_description/rviz
copying rviz/amr_mini.rviz -> /home/mkutan/Documents/ros2_ws/src/amr_mini_description/install/amr_mini_description/share/amr_mini_description/rviz
creating /home/mkutan/Documents/ros2_ws/src/amr_mini_description/install/amr_mini_description/share/amr_mini_description/urdf
copying urdf/amr_mini.xacro -> /home/mkutan/Documents/ros2_ws/src/amr_mini_description/install/amr_mini_description/share/amr_mini_description/urdf
copying urdf/amr.urdf -> /home/mkutan/Documents/ros2_ws/src/amr_mini_description/install/amr_mini_description/share/amr_mini_description/urdf
creating /home/mkutan/Documents/ros2_ws/src/amr_mini_description/install/amr_mini_description/share/amr_mini_description/urdf/urdf_include
copying urdf/urdf_include/base_link.xacro -> /home/mkutan/Documents/ros2_ws/src/amr_mini_description/install/amr_mini_description/share/amr_mini_description/urdf/urdf_include
copying urdf/urdf_include/imu.xacro -> /home/mkutan/Documents/ros2_ws/src/amr_mini_description/install/amr_mini_description/share/amr_mini_description/urdf/urdf_include
copying urdf/urdf_include/wheel.xacro -> /home/mkutan/Documents/ros2_ws/src/amr_mini_description/install/amr_mini_description/share/amr_mini_description/urdf/urdf_include
copying urdf/urdf_include/camera.xacro -> /home/mkutan/Documents/ros2_ws/src/amr_mini_description/install/amr_mini_description/share/amr_mini_description/urdf/urdf_include
copying urdf/urdf_include/caster_wheel_link.xacro -> /home/mkutan/Documents/ros2_ws/src/amr_mini_description/install/amr_mini_description/share/amr_mini_description/urdf/urdf_include
copying urdf/urdf_include/motor.xacro -> /home/mkutan/Documents/ros2_ws/src/amr_mini_description/install/amr_mini_description/share/amr_mini_description/urdf/urdf_include
copying urdf/urdf_include/caster_wheel.xacro -> /home/mkutan/Documents/ros2_ws/src/amr_mini_description/install/amr_mini_description/share/amr_mini_description/urdf/urdf_include
copying urdf/urdf_include/common_properties.urdf.xacro -> /home/mkutan/Documents/ros2_ws/src/amr_mini_description/install/amr_mini_description/share/amr_mini_description/urdf/urdf_include
copying urdf/urdf_include/lidar.xacro -> /home/mkutan/Documents/ros2_ws/src/amr_mini_description/install/amr_mini_description/share/amr_mini_description/urdf/urdf_include
copying urdf/urdf_include/gazebo.xacro -> /home/mkutan/Documents/ros2_ws/src/amr_mini_description/install/amr_mini_description/share/amr_mini_description/urdf/urdf_include
creating /home/mkutan/Documents/ros2_ws/src/amr_mini_description/install/amr_mini_description/share/amr_mini_description/AmrMini_models
creating /home/mkutan/Documents/ros2_ws/src/amr_mini_description/install/amr_mini_description/share/amr_mini_description/AmrMini_models/Amr_mini
creating /home/mkutan/Documents/ros2_ws/src/amr_mini_description/install/amr_mini_description/share/amr_mini_description/AmrMini_models/Amr_mini/meshes
copying AmrMini_models/Amr_mini/meshes/Ekran Görüntüsü (71).png -> /home/mkutan/Documents/ros2_ws/src/amr_mini_description/install/amr_mini_description/share/amr_mini_description/AmrMini_models/Amr_mini/meshes
copying AmrMini_models/Amr_mini/meshes/imu.stl -> /home/mkutan/Documents/ros2_ws/src/amr_mini_description/install/amr_mini_description/share/amr_mini_description/AmrMini_models/Amr_mini/meshes
copying AmrMini_models/Amr_mini/meshes/motor.stl -> /home/mkutan/Documents/ros2_ws/src/amr_mini_description/install/amr_mini_description/share/amr_mini_description/AmrMini_models/Amr_mini/meshes
copying AmrMini_models/Amr_mini/meshes/sase.stl -> /home/mkutan/Documents/ros2_ws/src/amr_mini_description/install/amr_mini_description/share/amr_mini_description/AmrMini_models/Amr_mini/meshes
copying AmrMini_models/Amr_mini/meshes/wheel.STL -> /home/mkutan/Documents/ros2_ws/src/amr_mini_description/install/amr_mini_description/share/amr_mini_description/AmrMini_models/Amr_mini/meshes
copying AmrMini_models/Amr_mini/meshes/caster_wheel_base.stl -> /home/mkutan/Documents/ros2_ws/src/amr_mini_description/install/amr_mini_description/share/amr_mini_description/AmrMini_models/Amr_mini/meshes
copying AmrMini_models/Amr_mini/meshes/motorveteker.dae -> /home/mkutan/Documents/ros2_ws/src/amr_mini_description/install/amr_mini_description/share/amr_mini_description/AmrMini_models/Amr_mini/meshes
copying AmrMini_models/Amr_mini/meshes/camera.dae -> /home/mkutan/Documents/ros2_ws/src/amr_mini_description/install/amr_mini_description/share/amr_mini_description/AmrMini_models/Amr_mini/meshes
copying AmrMini_models/Amr_mini/meshes/lidar.stl -> /home/mkutan/Documents/ros2_ws/src/amr_mini_description/install/amr_mini_description/share/amr_mini_description/AmrMini_models/Amr_mini/meshes
creating /home/mkutan/Documents/ros2_ws/src/amr_mini_description/install/amr_mini_description/share/amr_mini_description/models
creating /home/mkutan/Documents/ros2_ws/src/amr_mini_description/install/amr_mini_description/share/amr_mini_description/models/world_folder
copying models/world_folder/model.config -> /home/mkutan/Documents/ros2_ws/src/amr_mini_description/install/amr_mini_description/share/amr_mini_description/models/world_folder
copying models/world_folder/model.sdf -> /home/mkutan/Documents/ros2_ws/src/amr_mini_description/install/amr_mini_description/share/amr_mini_description/models/world_folder
creating /home/mkutan/Documents/ros2_ws/src/amr_mini_description/install/amr_mini_description/share/amr_mini_description/models/world_models
creating /home/mkutan/Documents/ros2_ws/src/amr_mini_description/install/amr_mini_description/share/amr_mini_description/models/new_walls
copying models/new_walls/model.config -> /home/mkutan/Documents/ros2_ws/src/amr_mini_description/install/amr_mini_description/share/amr_mini_description/models/new_walls
copying models/new_walls/model.sdf -> /home/mkutan/Documents/ros2_ws/src/amr_mini_description/install/amr_mini_description/share/amr_mini_description/models/new_walls
creating /home/mkutan/Documents/ros2_ws/src/amr_mini_description/install/amr_mini_description/share/amr_mini_description/models/amr_mini
copying models/amr_mini/model.config -> /home/mkutan/Documents/ros2_ws/src/amr_mini_description/install/amr_mini_description/share/amr_mini_description/models/amr_mini
copying models/amr_mini/model.sdf -> /home/mkutan/Documents/ros2_ws/src/amr_mini_description/install/amr_mini_description/share/amr_mini_description/models/amr_mini
creating /home/mkutan/Documents/ros2_ws/src/amr_mini_description/install/amr_mini_description/share/amr_mini_description/worlds
copying worlds/my_world.model -> /home/mkutan/Documents/ros2_ws/src/amr_mini_description/install/amr_mini_description/share/amr_mini_description/worlds
copying worlds/walls.model -> /home/mkutan/Documents/ros2_ws/src/amr_mini_description/install/amr_mini_description/share/amr_mini_description/worlds
copying worlds/empty.world -> /home/mkutan/Documents/ros2_ws/src/amr_mini_description/install/amr_mini_description/share/amr_mini_description/worlds
copying worlds/myworld.model -> /home/mkutan/Documents/ros2_ws/src/amr_mini_description/install/amr_mini_description/share/amr_mini_description/worlds
copying worlds/world.model -> /home/mkutan/Documents/ros2_ws/src/amr_mini_description/install/amr_mini_description/share/amr_mini_description/worlds
creating /home/mkutan/Documents/ros2_ws/src/amr_mini_description/install/amr_mini_description/share/amr_mini_description/config
copying config/ekf.yaml -> /home/mkutan/Documents/ros2_ws/src/amr_mini_description/install/amr_mini_description/share/amr_mini_description/config
copying config/mapper_params_online_async.yaml -> /home/mkutan/Documents/ros2_ws/src/amr_mini_description/install/amr_mini_description/share/amr_mini_description/config
copying config/nav2_params.yaml -> /home/mkutan/Documents/ros2_ws/src/amr_mini_description/install/amr_mini_description/share/amr_mini_description/config
creating /home/mkutan/Documents/ros2_ws/src/amr_mini_description/install/amr_mini_description/share/amr_mini_description/maps
copying maps/my_map_save.yaml -> /home/mkutan/Documents/ros2_ws/src/amr_mini_description/install/amr_mini_description/share/amr_mini_description/maps
copying maps/my_map_save.pgm -> /home/mkutan/Documents/ros2_ws/src/amr_mini_description/install/amr_mini_description/share/amr_mini_description/maps
copying maps/map_save.pgm -> /home/mkutan/Documents/ros2_ws/src/amr_mini_description/install/amr_mini_description/share/amr_mini_description/maps
copying maps/map_serial.data -> /home/mkutan/Documents/ros2_ws/src/amr_mini_description/install/amr_mini_description/share/amr_mini_description/maps
copying maps/map_save.yaml -> /home/mkutan/Documents/ros2_ws/src/amr_mini_description/install/amr_mini_description/share/amr_mini_description/maps
copying maps/my_map_serial.posegraph -> /home/mkutan/Documents/ros2_ws/src/amr_mini_description/install/amr_mini_description/share/amr_mini_description/maps
copying maps/my_map_serial.data -> /home/mkutan/Documents/ros2_ws/src/amr_mini_description/install/amr_mini_description/share/amr_mini_description/maps
copying maps/map_serial.posegraph -> /home/mkutan/Documents/ros2_ws/src/amr_mini_description/install/amr_mini_description/share/amr_mini_description/maps
running install_egg_info
Copying build/amr_mini_description/amr_mini_description.egg-info to /home/mkutan/Documents/ros2_ws/src/amr_mini_description/install/amr_mini_description/lib/python3.8/site-packages/amr_mini_description-0.0.0-py3.8.egg-info
running install_scripts
Installing goalPose_pub script to /home/mkutan/Documents/ros2_ws/src/amr_mini_description/install/amr_mini_description/lib/amr_mini_description
Installing initialpose_pub script to /home/mkutan/Documents/ros2_ws/src/amr_mini_description/install/amr_mini_description/lib/amr_mini_description
Installing requirements_txt script to /home/mkutan/Documents/ros2_ws/src/amr_mini_description/install/amr_mini_description/lib/amr_mini_description
writing list of installed files to '/home/mkutan/Documents/ros2_ws/src/amr_mini_description/build/amr_mini_description/install.log'
