[0.238s] DEBUG:colcon:Command line arguments: ['/usr/bin/colcon', 'build']
[0.238s] DEBUG:colcon:Parsed command line arguments: Namespace(allow_overriding=[], ament_cmake_args=None, base_paths=['.'], build_base='build', catkin_cmake_args=None, catkin_skip_building_tests=False, cmake_args=None, cmake_clean_cache=False, cmake_clean_first=False, cmake_force_configure=False, cmake_target=None, cmake_target_skip_unavailable=False, continue_on_error=False, event_handlers=None, executor='parallel', ignore_user_meta=False, install_base='install', log_base=None, log_level=None, main=<bound method BuildVerb.main of <colcon_core.verb.build.BuildVerb object at 0x7f1461bf22b0>>, merge_install=False, metas=['./colcon.meta'], packages_above=None, packages_above_and_dependencies=None, packages_above_depth=None, packages_end=None, packages_ignore=None, packages_ignore_regex=None, packages_select=None, packages_select_build_failed=False, packages_select_by_dep=None, packages_select_regex=None, packages_select_test_failures=False, packages_skip=None, packages_skip_build_finished=False, packages_skip_by_dep=None, packages_skip_regex=None, packages_skip_test_passed=False, packages_skip_up_to=None, packages_start=None, packages_up_to=None, packages_up_to_regex=None, parallel_workers=12, paths=None, symlink_install=False, test_result_base=None, verb_extension=<colcon_core.verb.build.BuildVerb object at 0x7f1461bf22b0>, verb_name='build', verb_parser=<colcon_defaults.argument_parser.defaults.DefaultArgumentsDecorator object at 0x7f1461bf27f0>)
[0.256s] Level 1:colcon.colcon_core.package_discovery:discover_packages(colcon_meta) check parameters
[0.256s] Level 1:colcon.colcon_core.package_discovery:discover_packages(recursive) check parameters
[0.256s] Level 1:colcon.colcon_core.package_discovery:discover_packages(ignore) check parameters
[0.256s] Level 1:colcon.colcon_core.package_discovery:discover_packages(path) check parameters
[0.256s] Level 1:colcon.colcon_core.package_discovery:discover_packages(colcon_meta) discover
[0.256s] Level 1:colcon.colcon_core.package_discovery:discover_packages(recursive) discover
[0.256s] INFO:colcon.colcon_core.package_discovery:Crawling recursively for packages in '/home/mkutan/Documents/ros2_ws/src/amr_mini_description'
[0.256s] Level 1:colcon.colcon_core.package_identification:_identify(.) by extensions ['ignore', 'ignore_ament_install']
[0.256s] Level 1:colcon.colcon_core.package_identification:_identify(.) by extension 'ignore'
[0.256s] Level 1:colcon.colcon_core.package_identification:_identify(.) by extension 'ignore_ament_install'
[0.257s] Level 1:colcon.colcon_core.package_identification:_identify(.) by extensions ['colcon_pkg']
[0.257s] Level 1:colcon.colcon_core.package_identification:_identify(.) by extension 'colcon_pkg'
[0.257s] Level 1:colcon.colcon_core.package_identification:_identify(.) by extensions ['colcon_meta']
[0.257s] Level 1:colcon.colcon_core.package_identification:_identify(.) by extension 'colcon_meta'
[0.257s] Level 1:colcon.colcon_core.package_identification:_identify(.) by extensions ['ros']
[0.257s] Level 1:colcon.colcon_core.package_identification:_identify(.) by extension 'ros'
[0.272s] DEBUG:colcon.colcon_core.package_identification:Package '.' with type 'ros.ament_python' and name 'amr_mini_description'
[0.272s] Level 1:colcon.colcon_core.package_discovery:discover_packages(recursive) using defaults
[0.272s] Level 1:colcon.colcon_core.package_discovery:discover_packages(ignore) discover
[0.272s] Level 1:colcon.colcon_core.package_discovery:discover_packages(ignore) using defaults
[0.272s] Level 1:colcon.colcon_core.package_discovery:discover_packages(path) discover
[0.272s] Level 1:colcon.colcon_core.package_discovery:discover_packages(path) using defaults
[0.287s] Level 1:colcon.colcon_core.package_discovery:discover_packages(prefix_path) check parameters
[0.287s] Level 1:colcon.colcon_core.package_discovery:discover_packages(prefix_path) discover
[0.289s] DEBUG:colcon.colcon_installed_package_information.package_discovery:Found 1 installed packages in /home/mkutan/Documents/ros2_ws/src/amr_mini_description/install
[0.290s] DEBUG:colcon.colcon_installed_package_information.package_discovery:Found 16 installed packages in /home/mkutan/Documents/ros2_ws/install
[0.292s] DEBUG:colcon.colcon_installed_package_information.package_discovery:Found 386 installed packages in /opt/ros/foxy
[0.294s] Level 1:colcon.colcon_core.package_discovery:discover_packages(prefix_path) using defaults
[0.358s] Level 5:colcon.colcon_core.verb:set package 'amr_mini_description' build argument 'cmake_args' from command line to 'None'
[0.358s] Level 5:colcon.colcon_core.verb:set package 'amr_mini_description' build argument 'cmake_target' from command line to 'None'
[0.358s] Level 5:colcon.colcon_core.verb:set package 'amr_mini_description' build argument 'cmake_target_skip_unavailable' from command line to 'False'
[0.358s] Level 5:colcon.colcon_core.verb:set package 'amr_mini_description' build argument 'cmake_clean_cache' from command line to 'False'
[0.358s] Level 5:colcon.colcon_core.verb:set package 'amr_mini_description' build argument 'cmake_clean_first' from command line to 'False'
[0.358s] Level 5:colcon.colcon_core.verb:set package 'amr_mini_description' build argument 'cmake_force_configure' from command line to 'False'
[0.358s] Level 5:colcon.colcon_core.verb:set package 'amr_mini_description' build argument 'ament_cmake_args' from command line to 'None'
[0.358s] Level 5:colcon.colcon_core.verb:set package 'amr_mini_description' build argument 'catkin_cmake_args' from command line to 'None'
[0.358s] Level 5:colcon.colcon_core.verb:set package 'amr_mini_description' build argument 'catkin_skip_building_tests' from command line to 'False'
[0.358s] DEBUG:colcon.colcon_core.verb:Building package 'amr_mini_description' with the following arguments: {'ament_cmake_args': None, 'build_base': '/home/mkutan/Documents/ros2_ws/src/amr_mini_description/build/amr_mini_description', 'catkin_cmake_args': None, 'catkin_skip_building_tests': False, 'cmake_args': None, 'cmake_clean_cache': False, 'cmake_clean_first': False, 'cmake_force_configure': False, 'cmake_target': None, 'cmake_target_skip_unavailable': False, 'install_base': '/home/mkutan/Documents/ros2_ws/src/amr_mini_description/install/amr_mini_description', 'merge_install': False, 'path': '/home/mkutan/Documents/ros2_ws/src/amr_mini_description', 'symlink_install': False, 'test_result_base': None}
[0.359s] INFO:colcon.colcon_core.executor:Executing jobs using 'parallel' executor
[0.361s] DEBUG:colcon.colcon_parallel_executor.executor.parallel:run_until_complete
[0.361s] INFO:colcon.colcon_ros.task.ament_python.build:Building ROS package in '/home/mkutan/Documents/ros2_ws/src/amr_mini_description' with build type 'ament_python'
[0.361s] Level 1:colcon.colcon_core.shell:create_environment_hook('amr_mini_description', 'ament_prefix_path')
[0.364s] INFO:colcon.colcon_core.plugin_system:Skipping extension 'colcon_core.shell.bat': Not used on non-Windows systems
[0.365s] INFO:colcon.colcon_core.shell:Creating environment hook '/home/mkutan/Documents/ros2_ws/src/amr_mini_description/install/amr_mini_description/share/amr_mini_description/hook/ament_prefix_path.ps1'
[0.365s] INFO:colcon.colcon_core.shell:Creating environment descriptor '/home/mkutan/Documents/ros2_ws/src/amr_mini_description/install/amr_mini_description/share/amr_mini_description/hook/ament_prefix_path.dsv'
[0.365s] INFO:colcon.colcon_core.shell:Creating environment hook '/home/mkutan/Documents/ros2_ws/src/amr_mini_description/install/amr_mini_description/share/amr_mini_description/hook/ament_prefix_path.sh'
[0.367s] INFO:colcon.colcon_core.shell:Skip shell extension 'powershell' for command environment: Not usable outside of PowerShell
[0.367s] DEBUG:colcon.colcon_core.shell:Skip shell extension 'dsv' for command environment
[0.559s] INFO:colcon.colcon_core.task.python.build:Building Python package in '/home/mkutan/Documents/ros2_ws/src/amr_mini_description'
[0.562s] INFO:colcon.colcon_core.shell:Skip shell extension 'powershell' for command environment: Not usable outside of PowerShell
[0.562s] DEBUG:colcon.colcon_core.shell:Skip shell extension 'dsv' for command environment
[0.916s] DEBUG:colcon.colcon_core.event_handler.log_command:Invoking command in '/home/mkutan/Documents/ros2_ws/src/amr_mini_description': PYTHONPATH=/home/mkutan/Documents/ros2_ws/src/amr_mini_description/build/amr_mini_description/prefix_override:/home/mkutan/Documents/ros2_ws/src/amr_mini_description/install/amr_mini_description/lib/python3.8/site-packages:${PYTHONPATH} /usr/bin/python3 setup.py egg_info --egg-base build/amr_mini_description build --build-base /home/mkutan/Documents/ros2_ws/src/amr_mini_description/build/amr_mini_description/build install --record /home/mkutan/Documents/ros2_ws/src/amr_mini_description/build/amr_mini_description/install.log --single-version-externally-managed
[1.225s] DEBUG:colcon.colcon_core.event_handler.log_command:Invoked command in '/home/mkutan/Documents/ros2_ws/src/amr_mini_description' returned '0': PYTHONPATH=/home/mkutan/Documents/ros2_ws/src/amr_mini_description/build/amr_mini_description/prefix_override:/home/mkutan/Documents/ros2_ws/src/amr_mini_description/install/amr_mini_description/lib/python3.8/site-packages:${PYTHONPATH} /usr/bin/python3 setup.py egg_info --egg-base build/amr_mini_description build --build-base /home/mkutan/Documents/ros2_ws/src/amr_mini_description/build/amr_mini_description/build install --record /home/mkutan/Documents/ros2_ws/src/amr_mini_description/build/amr_mini_description/install.log --single-version-externally-managed
[1.231s] Level 1:colcon.colcon_core.environment:checking '/home/mkutan/Documents/ros2_ws/src/amr_mini_description/install/amr_mini_description' for CMake module files
[1.232s] Level 1:colcon.colcon_core.environment:checking '/home/mkutan/Documents/ros2_ws/src/amr_mini_description/install/amr_mini_description' for CMake config files
[1.233s] Level 1:colcon.colcon_core.environment:checking '/home/mkutan/Documents/ros2_ws/src/amr_mini_description/install/amr_mini_description/lib'
[1.233s] Level 1:colcon.colcon_core.environment:checking '/home/mkutan/Documents/ros2_ws/src/amr_mini_description/install/amr_mini_description/bin'
[1.233s] Level 1:colcon.colcon_core.environment:checking '/home/mkutan/Documents/ros2_ws/src/amr_mini_description/install/amr_mini_description/lib/pkgconfig/amr_mini_description.pc'
[1.234s] Level 1:colcon.colcon_core.environment:checking '/home/mkutan/Documents/ros2_ws/src/amr_mini_description/install/amr_mini_description/lib/python3.8/site-packages'
[1.234s] Level 1:colcon.colcon_core.shell:create_environment_hook('amr_mini_description', 'pythonpath')
[1.235s] INFO:colcon.colcon_core.shell:Creating environment hook '/home/mkutan/Documents/ros2_ws/src/amr_mini_description/install/amr_mini_description/share/amr_mini_description/hook/pythonpath.ps1'
[1.235s] INFO:colcon.colcon_core.shell:Creating environment descriptor '/home/mkutan/Documents/ros2_ws/src/amr_mini_description/install/amr_mini_description/share/amr_mini_description/hook/pythonpath.dsv'
[1.235s] INFO:colcon.colcon_core.shell:Creating environment hook '/home/mkutan/Documents/ros2_ws/src/amr_mini_description/install/amr_mini_description/share/amr_mini_description/hook/pythonpath.sh'
[1.236s] Level 1:colcon.colcon_core.environment:checking '/home/mkutan/Documents/ros2_ws/src/amr_mini_description/install/amr_mini_description/bin'
[1.236s] Level 1:colcon.colcon_core.environment:create_environment_scripts_only(amr_mini_description)
[1.237s] INFO:colcon.colcon_core.shell:Creating package script '/home/mkutan/Documents/ros2_ws/src/amr_mini_description/install/amr_mini_description/share/amr_mini_description/package.ps1'
[1.237s] INFO:colcon.colcon_core.shell:Creating package descriptor '/home/mkutan/Documents/ros2_ws/src/amr_mini_description/install/amr_mini_description/share/amr_mini_description/package.dsv'
[1.238s] INFO:colcon.colcon_core.shell:Creating package script '/home/mkutan/Documents/ros2_ws/src/amr_mini_description/install/amr_mini_description/share/amr_mini_description/package.sh'
[1.238s] INFO:colcon.colcon_core.shell:Creating package script '/home/mkutan/Documents/ros2_ws/src/amr_mini_description/install/amr_mini_description/share/amr_mini_description/package.bash'
[1.239s] INFO:colcon.colcon_core.shell:Creating package script '/home/mkutan/Documents/ros2_ws/src/amr_mini_description/install/amr_mini_description/share/amr_mini_description/package.zsh'
[1.239s] Level 1:colcon.colcon_core.environment:create_file_with_runtime_dependencies(/home/mkutan/Documents/ros2_ws/src/amr_mini_description/install/amr_mini_description/share/colcon-core/packages/amr_mini_description)
[1.239s] DEBUG:colcon.colcon_parallel_executor.executor.parallel:closing loop
[1.240s] DEBUG:colcon.colcon_parallel_executor.executor.parallel:loop closed
[1.240s] DEBUG:colcon.colcon_parallel_executor.executor.parallel:run_until_complete finished with '0'
[1.240s] DEBUG:colcon.colcon_core.event_reactor:joining thread
[1.248s] INFO:colcon.colcon_core.plugin_system:Skipping extension 'colcon_notification.desktop_notification.terminal_notifier': Not used on non-Darwin systems
[1.248s] INFO:colcon.colcon_core.plugin_system:Skipping extension 'colcon_notification.desktop_notification.win32': Not used on non-Windows systems
[1.248s] INFO:colcon.colcon_notification.desktop_notification:Sending desktop notification using 'notify2'
[1.260s] DEBUG:colcon.colcon_core.event_reactor:joined thread
[1.263s] INFO:colcon.colcon_core.shell:Creating prefix script '/home/mkutan/Documents/ros2_ws/src/amr_mini_description/install/local_setup.ps1'
[1.264s] INFO:colcon.colcon_core.shell:Creating prefix util module '/home/mkutan/Documents/ros2_ws/src/amr_mini_description/install/_local_setup_util_ps1.py'
[1.266s] INFO:colcon.colcon_core.shell:Creating prefix chain script '/home/mkutan/Documents/ros2_ws/src/amr_mini_description/install/setup.ps1'
[1.269s] INFO:colcon.colcon_core.shell:Creating prefix script '/home/mkutan/Documents/ros2_ws/src/amr_mini_description/install/local_setup.sh'
[1.270s] INFO:colcon.colcon_core.shell:Creating prefix util module '/home/mkutan/Documents/ros2_ws/src/amr_mini_description/install/_local_setup_util_sh.py'
[1.270s] INFO:colcon.colcon_core.shell:Creating prefix chain script '/home/mkutan/Documents/ros2_ws/src/amr_mini_description/install/setup.sh'
[1.272s] INFO:colcon.colcon_core.shell:Creating prefix script '/home/mkutan/Documents/ros2_ws/src/amr_mini_description/install/local_setup.bash'
[1.272s] INFO:colcon.colcon_core.shell:Creating prefix chain script '/home/mkutan/Documents/ros2_ws/src/amr_mini_description/install/setup.bash'
[1.274s] INFO:colcon.colcon_core.shell:Creating prefix script '/home/mkutan/Documents/ros2_ws/src/amr_mini_description/install/local_setup.zsh'
[1.274s] INFO:colcon.colcon_core.shell:Creating prefix chain script '/home/mkutan/Documents/ros2_ws/src/amr_mini_description/install/setup.zsh'
