running egg_info
writing build/amr_mini_description/amr_mini_description.egg-info/PKG-INFO
writing dependency_links to build/amr_mini_description/amr_mini_description.egg-info/dependency_links.txt
writing entry points to build/amr_mini_description/amr_mini_description.egg-info/entry_points.txt
writing requirements to build/amr_mini_description/amr_mini_description.egg-info/requires.txt
writing top-level names to build/amr_mini_description/amr_mini_description.egg-info/top_level.txt
reading manifest file 'build/amr_mini_description/amr_mini_description.egg-info/SOURCES.txt'
writing manifest file 'build/amr_mini_description/amr_mini_description.egg-info/SOURCES.txt'
running build
running build_py
running install
running install_lib
running install_data
running install_egg_info
removing '/home/mkutan/Documents/ros2_ws/src/amr_mini_description/install/amr_mini_description/lib/python3.8/site-packages/amr_mini_description-0.0.0-py3.8.egg-info' (and everything under it)
Copying build/amr_mini_description/amr_mini_description.egg-info to /home/mkutan/Documents/ros2_ws/src/amr_mini_description/install/amr_mini_description/lib/python3.8/site-packages/amr_mini_description-0.0.0-py3.8.egg-info
running install_scripts
Installing goalPose_pub script to /home/mkutan/Documents/ros2_ws/src/amr_mini_description/install/amr_mini_description/lib/amr_mini_description
Installing initialpose_pub script to /home/mkutan/Documents/ros2_ws/src/amr_mini_description/install/amr_mini_description/lib/amr_mini_description
Installing requirements_txt script to /home/mkutan/Documents/ros2_ws/src/amr_mini_description/install/amr_mini_description/lib/amr_mini_description
writing list of installed files to '/home/mkutan/Documents/ros2_ws/src/amr_mini_description/build/amr_mini_description/install.log'
