[0.555s] Invoking command in '/home/mkutan/Documents/ros2_ws/src/amr_mini_description': PYTHONPATH=/home/mkutan/Documents/ros2_ws/src/amr_mini_description/build/amr_mini_description/prefix_override:/home/mkutan/Documents/ros2_ws/src/amr_mini_description/install/amr_mini_description/lib/python3.8/site-packages:${PYTHONPATH} /usr/bin/python3 setup.py egg_info --egg-base build/amr_mini_description build --build-base /home/mkutan/Documents/ros2_ws/src/amr_mini_description/build/amr_mini_description/build install --record /home/mkutan/Documents/ros2_ws/src/amr_mini_description/build/amr_mini_description/install.log --single-version-externally-managed
[0.725s] running egg_info
[0.725s] writing build/amr_mini_description/amr_mini_description.egg-info/PKG-INFO
[0.799s] writing dependency_links to build/amr_mini_description/amr_mini_description.egg-info/dependency_links.txt
[0.799s] writing entry points to build/amr_mini_description/amr_mini_description.egg-info/entry_points.txt
[0.799s] writing requirements to build/amr_mini_description/amr_mini_description.egg-info/requires.txt
[0.799s] writing top-level names to build/amr_mini_description/amr_mini_description.egg-info/top_level.txt
[0.830s] reading manifest file 'build/amr_mini_description/amr_mini_description.egg-info/SOURCES.txt'
[0.831s] writing manifest file 'build/amr_mini_description/amr_mini_description.egg-info/SOURCES.txt'
[0.831s] running build
[0.832s] running build_py
[0.832s] running install
[0.832s] running install_lib
[0.833s] running install_data
[0.834s] running install_egg_info
[0.835s] removing '/home/mkutan/Documents/ros2_ws/src/amr_mini_description/install/amr_mini_description/lib/python3.8/site-packages/amr_mini_description-0.0.0-py3.8.egg-info' (and everything under it)
[0.835s] Copying build/amr_mini_description/amr_mini_description.egg-info to /home/mkutan/Documents/ros2_ws/src/amr_mini_description/install/amr_mini_description/lib/python3.8/site-packages/amr_mini_description-0.0.0-py3.8.egg-info
[0.836s] running install_scripts
[0.848s] Installing goalPose_pub script to /home/mkutan/Documents/ros2_ws/src/amr_mini_description/install/amr_mini_description/lib/amr_mini_description
[0.848s] Installing initialpose_pub script to /home/mkutan/Documents/ros2_ws/src/amr_mini_description/install/amr_mini_description/lib/amr_mini_description
[0.848s] Installing requirements_txt script to /home/mkutan/Documents/ros2_ws/src/amr_mini_description/install/amr_mini_description/lib/amr_mini_description
[0.848s] writing list of installed files to '/home/mkutan/Documents/ros2_ws/src/amr_mini_description/build/amr_mini_description/install.log'
[0.863s] Invoked command in '/home/mkutan/Documents/ros2_ws/src/amr_mini_description' returned '0': PYTHONPATH=/home/mkutan/Documents/ros2_ws/src/amr_mini_description/build/amr_mini_description/prefix_override:/home/mkutan/Documents/ros2_ws/src/amr_mini_description/install/amr_mini_description/lib/python3.8/site-packages:${PYTHONPATH} /usr/bin/python3 setup.py egg_info --egg-base build/amr_mini_description build --build-base /home/mkutan/Documents/ros2_ws/src/amr_mini_description/build/amr_mini_description/build install --record /home/mkutan/Documents/ros2_ws/src/amr_mini_description/build/amr_mini_description/install.log --single-version-externally-managed
